   0   1   2   3   4   5   6   7   8   ...  56  57  58  59  60  61  62  63  64
0   1   1  -1   1  -1  -1  -1   1   1  ...   1   1   1   1   1   1   1  -1   1
1  -1   1   1   1   1   1   1   1  -1  ...   1  -1   1  -1   1   1  -1   1  -1
2  -1  -1   1   1  -1   1   1   1   1  ...  -1   1  -1   1  -1  -1  -1   1   1
3   1  -1  -1   1  -1   1   1   1  -1  ...  -1   1  -1   1  -1  -1   1  -1  -1
4   1   1   1  -1  -1  -1  -1   1   1  ...   1  -1   1  -1   1  -1  -1   1   1

[5 rows x 65 columns]
                 0             1   ...            63            64
count  2.000000e+06  2.000000e+06  ...  2.000000e+06  2.000000e+06
mean   5.005790e-01  5.004560e-01  ...  4.999315e-01  5.000100e-01
std    4.999998e-01  4.999999e-01  ...  5.000001e-01  5.000001e-01
min    0.000000e+00  0.000000e+00  ...  0.000000e+00  0.000000e+00
25%    0.000000e+00  0.000000e+00  ...  0.000000e+00  0.000000e+00
50%    1.000000e+00  1.000000e+00  ...  0.000000e+00  1.000000e+00
75%    1.000000e+00  1.000000e+00  ...  1.000000e+00  1.000000e+00
max    1.000000e+00  1.000000e+00  ...  1.000000e+00  1.000000e+00

[8 rows x 65 columns]
(2000000, 65)
False
(2000000, 64)
False
(400000, 64)
Model: "model"
__________________________________________________________________________________________________
 Layer (type)                   Output Shape         Param #     Connected to                     
==================================================================================================
 input_1 (InputLayer)           [(None, 64)]         0           []                               
                                                                                                  
 dense (Dense)                  (None, 64)           4160        ['input_1[0][0]']                
                                                                                                  
 dense_1 (Dense)                (None, 64)           4160        ['input_1[0][0]']                
                                                                                                  
 dense_2 (Dense)                (None, 64)           4160        ['input_1[0][0]']                
                                                                                                  
 dropout (Dropout)              (None, 64)           0           ['dense[0][0]']                  
                                                                                                  
 dropout_1 (Dropout)            (None, 64)           0           ['dense_1[0][0]']                
                                                                                                  
 dropout_2 (Dropout)            (None, 64)           0           ['dense_2[0][0]']                
                                                                                                  
 batch_normalization (BatchNorm  (None, 64)          256         ['dropout[0][0]']                
 alization)                                                                                       
                                                                                                  
 batch_normalization_1 (BatchNo  (None, 64)          256         ['dropout_1[0][0]']              
 rmalization)                                                                                     
                                                                                                  
 batch_normalization_2 (BatchNo  (None, 64)          256         ['dropout_2[0][0]']              
 rmalization)                                                                                     
                                                                                                  
 concatenate (Concatenate)      (None, 192)          0           ['batch_normalization[0][0]',    
                                                                  'batch_normalization_1[0][0]',  
                                                                  'batch_normalization_2[0][0]']  
                                                                                                  
 dense_3 (Dense)                (None, 2)            386         ['concatenate[0][0]']            
                                                                                                  
==================================================================================================
Total params: 13,634
Trainable params: 13,250
Non-trainable params: 384
__________________________________________________________________________________________________
None
/Users/jeromehuang/data/hwjmy/2022uq/courses/2022s2/ai_internship_2022s2/project/code/CNN_tabular_data/venv/lib/python3.10/site-packages/keras/optimizers/optimizer_v2/adam.py:110: UserWarning: The `lr` argument is deprecated, use `learning_rate` instead.
  super(Adam, self).__init__(name, **kwargs)
2022-09-08 20:46:52.298203: W tensorflow/core/platform/profile_utils/cpu_utils.cc:128] Failed to get CPU frequency: 0 Hz
Epoch 1/30
200/200 [==============================] - 3s 14ms/step - loss: 0.7352 - accuracy: 0.5002 - val_loss: 0.6933 - val_accuracy: 0.5021
Epoch 2/30
200/200 [==============================] - 3s 14ms/step - loss: 0.6938 - accuracy: 0.5001 - val_loss: 0.6932 - val_accuracy: 0.5005
Epoch 3/30
200/200 [==============================] - 3s 16ms/step - loss: 0.6933 - accuracy: 0.5001 - val_loss: 0.6932 - val_accuracy: 0.5003
Epoch 4/30
200/200 [==============================] - 3s 16ms/step - loss: 0.6933 - accuracy: 0.5005 - val_loss: 0.6932 - val_accuracy: 0.4990
Epoch 5/30
200/200 [==============================] - 3s 15ms/step - loss: 0.6933 - accuracy: 0.5005 - val_loss: 0.6932 - val_accuracy: 0.4995
Epoch 6/30
200/200 [==============================] - 3s 15ms/step - loss: 0.6933 - accuracy: 0.5003 - val_loss: 0.6932 - val_accuracy: 0.5018
Epoch 7/30
200/200 [==============================] - 3s 16ms/step - loss: 0.6933 - accuracy: 0.5009 - val_loss: 0.6932 - val_accuracy: 0.5008
Epoch 8/30
200/200 [==============================] - 3s 15ms/step - loss: 0.6933 - accuracy: 0.5016 - val_loss: 0.6932 - val_accuracy: 0.5019
Epoch 9/30
200/200 [==============================] - 3s 16ms/step - loss: 0.6932 - accuracy: 0.5012 - val_loss: 0.6932 - val_accuracy: 0.5010
Epoch 10/30
200/200 [==============================] - 3s 15ms/step - loss: 0.6932 - accuracy: 0.5017 - val_loss: 0.6932 - val_accuracy: 0.5009
Epoch 11/30
200/200 [==============================] - 3s 16ms/step - loss: 0.6932 - accuracy: 0.5019 - val_loss: 0.6932 - val_accuracy: 0.5016
Epoch 12/30
200/200 [==============================] - 3s 14ms/step - loss: 0.6932 - accuracy: 0.5023 - val_loss: 0.6932 - val_accuracy: 0.5036
Epoch 13/30
200/200 [==============================] - 3s 14ms/step - loss: 0.6932 - accuracy: 0.5025 - val_loss: 0.6932 - val_accuracy: 0.5020
Epoch 14/30
200/200 [==============================] - 3s 14ms/step - loss: 0.6932 - accuracy: 0.5025 - val_loss: 0.6932 - val_accuracy: 0.5022
Epoch 15/30
200/200 [==============================] - 3s 14ms/step - loss: 0.6931 - accuracy: 0.5037 - val_loss: 0.6932 - val_accuracy: 0.5012
Epoch 16/30
200/200 [==============================] - 3s 14ms/step - loss: 0.6931 - accuracy: 0.5031 - val_loss: 0.6932 - val_accuracy: 0.5025
Epoch 17/30
200/200 [==============================] - 3s 15ms/step - loss: 0.6930 - accuracy: 0.5044 - val_loss: 0.6930 - val_accuracy: 0.5040
Epoch 18/30
200/200 [==============================] - 3s 15ms/step - loss: 0.6929 - accuracy: 0.5055 - val_loss: 0.6928 - val_accuracy: 0.5035
Epoch 19/30
200/200 [==============================] - 3s 15ms/step - loss: 0.6928 - accuracy: 0.5057 - val_loss: 0.6927 - val_accuracy: 0.5059
Epoch 20/30
200/200 [==============================] - 3s 15ms/step - loss: 0.6927 - accuracy: 0.5073 - val_loss: 0.6927 - val_accuracy: 0.5064
Epoch 21/30
200/200 [==============================] - 3s 15ms/step - loss: 0.6926 - accuracy: 0.5082 - val_loss: 0.6927 - val_accuracy: 0.5080
Epoch 22/30
200/200 [==============================] - 3s 15ms/step - loss: 0.6926 - accuracy: 0.5083 - val_loss: 0.6926 - val_accuracy: 0.5080
Epoch 23/30
200/200 [==============================] - 3s 14ms/step - loss: 0.6924 - accuracy: 0.5094 - val_loss: 0.6923 - val_accuracy: 0.5092
Epoch 24/30
200/200 [==============================] - 3s 14ms/step - loss: 0.6922 - accuracy: 0.5104 - val_loss: 0.6920 - val_accuracy: 0.5109
Epoch 25/30
200/200 [==============================] - 3s 14ms/step - loss: 0.6921 - accuracy: 0.5109 - val_loss: 0.6918 - val_accuracy: 0.5119
Epoch 26/30
200/200 [==============================] - 3s 14ms/step - loss: 0.6919 - accuracy: 0.5120 - val_loss: 0.6917 - val_accuracy: 0.5124
Epoch 27/30
200/200 [==============================] - 3s 14ms/step - loss: 0.6918 - accuracy: 0.5129 - val_loss: 0.6915 - val_accuracy: 0.5129
Epoch 28/30
200/200 [==============================] - 3s 14ms/step - loss: 0.6917 - accuracy: 0.5126 - val_loss: 0.6915 - val_accuracy: 0.5130
Epoch 29/30
200/200 [==============================] - 3s 14ms/step - loss: 0.6916 - accuracy: 0.5137 - val_loss: 0.6916 - val_accuracy: 0.5136
Epoch 30/30
200/200 [==============================] - 3s 14ms/step - loss: 0.6916 - accuracy: 0.5143 - val_loss: 0.6913 - val_accuracy: 0.5116
Accuracy: 51.16%


